#
# There is insufficient memory for the Java Runtime Environment to continue.
# Native memory allocation (mmap) failed to map 130023424 bytes for Failed to commit area from 0x0000000084a00000 to 0x000000008c600000 of length 130023424.
# Possible reasons:
#   The system is out of physical RAM or swap space
#   The process is running with CompressedOops enabled, and the Java Heap may be blocking the growth of the native heap
# Possible solutions:
#   Reduce memory load on the system
#   Increase physical memory or swap space
#   Check if swap backing store is full
#   Decrease Java heap size (-Xmx/-Xms)
#   Decrease number of Java threads
#   Decrease Java thread stack sizes (-Xss)
#   Set larger code cache with -XX:ReservedCodeCacheSize=
#   JVM is running with Unscaled Compressed Oops mode in which the Java heap is
#     placed in the first 4GB address space. The Java Heap base address is the
#     maximum limit for the native heap growth. Please use -XX:HeapBaseMinAddress
#     to set the Java Heap base and to place the Java Heap above 4GB virtual address.
# This output file may be truncated or incomplete.
#
#  Out of Memory Error (./open/src/hotspot/os/windows/os_windows.cpp:3315), pid=13040, tid=13028
#
# JRE version:  (14.0.2+12) (build )
# Java VM: OpenJDK 64-Bit Server VM (14.0.2+12-46, mixed mode, sharing, tiered, compressed oops, g1 gc, windows-amd64)
# No core dump will be written. Minidumps are not enabled by default on client versions of Windows
#

---------------  S U M M A R Y ------------

Command Line: --module-path=C:\Users\User\Downloads\openjfx-11.0.2_windows-x64_bin-sdk\javafx-sdk-11.0.2\lib --add-modules=javafx.controls,javafx.fxml --add-modules=javafx.base,javafx.graphics --add-reads=javafx.base=ALL-UNNAMED --add-reads=javafx.graphics=ALL-UNNAMED -javaagent:C:\Program Files\JetBrains\IntelliJ IDEA Community Edition 2020.1\lib\idea_rt.jar=63858:C:\Program Files\JetBrains\IntelliJ IDEA Community Edition 2020.1\bin -Dfile.encoding=UTF-8 sample.Main

Host: Intel(R) Core(TM) i5-3230M CPU @ 2.60GHz, 4 cores, 7G,  Windows 10 , 64 bit Build 18362 (10.0.18362.959)
Time: Fri Sep 11 03:00:02 2020 RTZ 2 (ceia) elapsed time: 0 seconds (0d 0h 0m 0s)

---------------  T H R E A D  ---------------

Current thread (0x0000021e599be000):  JavaThread "Unknown thread" [_thread_in_vm, id=13028, stack(0x0000004298300000,0x0000004298400000)]

Stack: [0x0000004298300000,0x0000004298400000]
Native frames: (J=compiled Java code, j=interpreted, Vv=VM code, C=native code)
V  [jvm.dll+0x5f8a9a]
V  [jvm.dll+0x74247a]
V  [jvm.dll+0x743c2f]
V  [jvm.dll+0x744273]
V  [jvm.dll+0x20d288]
V  [jvm.dll+0x5f5dea]
V  [jvm.dll+0x5eac45]
V  [jvm.dll+0x2c7e9c]
V  [jvm.dll+0x2c7cd2]
V  [jvm.dll+0x2cdbbc]
V  [jvm.dll+0x313fe8]
V  [jvm.dll+0x313710]
V  [jvm.dll+0x2a092a]
V  [jvm.dll+0x2a1a79]
V  [jvm.dll+0x71fd48]
V  [jvm.dll+0x321c14]
V  [jvm.dll+0x70112c]
V  [jvm.dll+0x392def]
V  [jvm.dll+0x394e61]
C  [jli.dll+0x524b]
C  [ucrtbase.dll+0x20e82]
C  [KERNEL32.DLL+0x17bd4]
C  [ntdll.dll+0x6ce51]


---------------  P R O C E S S  ---------------

Threads class SMR info:
_java_thread_list=0x00007ff978a63038, length=0, elements={
}

Java Threads: ( => current thread )

Other Threads:
  0x0000021e59a00000 GCTaskThread "GC Thread#0" [stack: 0x0000004298500000,0x0000004298600000] [id=12720]
  0x0000021e59a11800 ConcurrentGCThread "G1 Main Marker" [stack: 0x0000004298600000,0x0000004298700000] [id=11680]
  0x0000021e59a14000 ConcurrentGCThread "G1 Conc#0" [stack: 0x0000004298700000,0x0000004298800000] [id=9688]

[error occurred during error reporting (printing all threads), id 0xc0000005, EXCEPTION_ACCESS_VIOLATION (0xc0000005) at pc=0x00007ff978291257]

VM state:not at safepoint (not fully initialized)

VM Mutex/Monitor currently owned by a thread:  ([mutex/lock_event])
[0x0000021e599b8bc0] Heap_lock - owner thread: 0x0000021e599be000

Heap address: 0x0000000084a00000, size: 1974 MB, Compressed Oops mode: 32-bit
Narrow klass base: 0x0000000000000000, Narrow klass shift: 0

GC Heap History (0 events):
No events

Deoptimization events (0 events):
No events

Classes unloaded (0 events):
No events

Classes redefined (0 events):
No events

Internal exceptions (0 events):
No events

Events (2 events):
Event: 0.078 Loaded shared library C:\Users\User\.jdks\openjdk-14.0.2\bin\java.dll
Event: 0.079 Loaded shared library C:\Users\User\.jdks\openjdk-14.0.2\bin\zip.dll


Dynamic libraries:
0x00007ff794e90000 - 0x00007ff794e9d000 	C:\Users\User\.jdks\openjdk-14.0.2\bin\java.exe
0x00007ff9b7c60000 - 0x00007ff9b7e50000 	C:\WINDOWS\SYSTEM32\ntdll.dll
0x00007ff9b5d80000 - 0x00007ff9b5e32000 	C:\WINDOWS\System32\KERNEL32.DLL
0x00007ff9b4fb0000 - 0x00007ff9b5254000 	C:\WINDOWS\System32\KERNELBASE.dll
0x00007ff9b4c70000 - 0x00007ff9b4d6a000 	C:\WINDOWS\System32\ucrtbase.dll
0x00007ff9a8030000 - 0x00007ff9a8048000 	C:\Users\User\.jdks\openjdk-14.0.2\bin\jli.dll
0x00007ff9b6560000 - 0x00007ff9b66f5000 	C:\WINDOWS\System32\USER32.dll
0x00007ff9b5c70000 - 0x00007ff9b5c91000 	C:\WINDOWS\System32\win32u.dll
0x00007ff9b7bf0000 - 0x00007ff9b7c16000 	C:\WINDOWS\System32\GDI32.dll
0x00007ff9b4e10000 - 0x00007ff9b4fa6000 	C:\WINDOWS\System32\gdi32full.dll
0x00007ff9b4d70000 - 0x00007ff9b4e0e000 	C:\WINDOWS\System32\msvcp_win.dll
0x00007ff9a79b0000 - 0x00007ff9a79c5000 	C:\Users\User\.jdks\openjdk-14.0.2\bin\VCRUNTIME140.dll
0x00007ff9a6c90000 - 0x00007ff9a6f14000 	C:\WINDOWS\WinSxS\amd64_microsoft.windows.common-controls_6595b64144ccf1df_6.0.18362.1016_none_9e7a36bbe461dae4\COMCTL32.dll
0x00007ff9b7340000 - 0x00007ff9b73de000 	C:\WINDOWS\System32\msvcrt.dll
0x00007ff9b6170000 - 0x00007ff9b64a5000 	C:\WINDOWS\System32\combase.dll
0x00007ff9b79e0000 - 0x00007ff9b7b00000 	C:\WINDOWS\System32\RPCRT4.dll
0x00007ff9b5aa0000 - 0x00007ff9b5b20000 	C:\WINDOWS\System32\bcryptPrimitives.dll
0x00007ff9b7310000 - 0x00007ff9b733e000 	C:\WINDOWS\System32\IMM32.DLL
0x00007ff9a4510000 - 0x00007ff9a45ab000 	C:\Users\User\.jdks\openjdk-14.0.2\bin\msvcp140.dll
0x00007ff977fe0000 - 0x00007ff978afe000 	C:\Users\User\.jdks\openjdk-14.0.2\bin\server\jvm.dll
0x00007ff9b73e0000 - 0x00007ff9b7483000 	C:\WINDOWS\System32\ADVAPI32.dll
0x00007ff9b70c0000 - 0x00007ff9b7157000 	C:\WINDOWS\System32\sechost.dll
0x00007ff9b5f80000 - 0x00007ff9b5f88000 	C:\WINDOWS\System32\PSAPI.DLL
0x00007ff9b2510000 - 0x00007ff9b2519000 	C:\WINDOWS\SYSTEM32\WSOCK32.dll
0x00007ff9b6870000 - 0x00007ff9b68df000 	C:\WINDOWS\System32\WS2_32.dll
0x00007ff9b2610000 - 0x00007ff9b2634000 	C:\WINDOWS\SYSTEM32\WINMM.dll
0x00007ff9adf40000 - 0x00007ff9adf4a000 	C:\WINDOWS\SYSTEM32\VERSION.dll
0x00007ff9b25e0000 - 0x00007ff9b260d000 	C:\WINDOWS\SYSTEM32\winmmbase.dll
0x00007ff9b5ca0000 - 0x00007ff9b5cea000 	C:\WINDOWS\System32\cfgmgr32.dll
0x00007ff9b4b20000 - 0x00007ff9b4b31000 	C:\WINDOWS\System32\kernel.appcore.dll
0x00007ff9ada70000 - 0x00007ff9ada7a000 	C:\Users\User\.jdks\openjdk-14.0.2\bin\jimage.dll
0x00007ff9ae070000 - 0x00007ff9ae264000 	C:\WINDOWS\SYSTEM32\DBGHELP.DLL
0x00007ff9adbd0000 - 0x00007ff9adbfa000 	C:\WINDOWS\SYSTEM32\dbgcore.DLL
0x00007ff9b1600000 - 0x00007ff9b160e000 	C:\Users\User\.jdks\openjdk-14.0.2\bin\instrument.dll
0x00007ff9a63b0000 - 0x00007ff9a63d5000 	C:\Users\User\.jdks\openjdk-14.0.2\bin\java.dll
0x00007ff9a7220000 - 0x00007ff9a7236000 	C:\Users\User\.jdks\openjdk-14.0.2\bin\zip.dll

dbghelp: loaded successfully - version: 4.0.5 - missing functions: none
symbol engine: initialized successfully - sym options: 0x614 - pdb path: .;C:\Users\User\.jdks\openjdk-14.0.2\bin;C:\WINDOWS\SYSTEM32;C:\WINDOWS\WinSxS\amd64_microsoft.windows.common-controls_6595b64144ccf1df_6.0.18362.1016_none_9e7a36bbe461dae4;C:\Users\User\.jdks\openjdk-14.0.2\bin\server

VM Arguments:
jvm_args: --module-path=C:\Users\User\Downloads\openjfx-11.0.2_windows-x64_bin-sdk\javafx-sdk-11.0.2\lib --add-modules=javafx.controls,javafx.fxml --add-modules=javafx.base,javafx.graphics --add-reads=javafx.base=ALL-UNNAMED --add-reads=javafx.graphics=ALL-UNNAMED -javaagent:C:\Program Files\JetBrains\IntelliJ IDEA Community Edition 2020.1\lib\idea_rt.jar=63858:C:\Program Files\JetBrains\IntelliJ IDEA Community Edition 2020.1\bin -Dfile.encoding=UTF-8 
java_command: sample.Main
java_class_path (initial): C:\Users\User\IdeaProjects\Graphics\out\production\Graphics;C:\Users\User\Downloads\openjfx-11.0.2_windows-x64_bin-sdk\javafx-sdk-11.0.2\lib\src.zip;C:\Users\User\Downloads\openjfx-11.0.2_windows-x64_bin-sdk\javafx-sdk-11.0.2\lib\javafx-swt.jar;C:\Users\User\Downloads\openjfx-11.0.2_windows-x64_bin-sdk\javafx-sdk-11.0.2\lib\javafx.web.jar;C:\Users\User\Downloads\openjfx-11.0.2_windows-x64_bin-sdk\javafx-sdk-11.0.2\lib\javafx.base.jar;C:\Users\User\Downloads\openjfx-11.0.2_windows-x64_bin-sdk\javafx-sdk-11.0.2\lib\javafx.fxml.jar;C:\Users\User\Downloads\openjfx-11.0.2_windows-x64_bin-sdk\javafx-sdk-11.0.2\lib\javafx.media.jar;C:\Users\User\Downloads\openjfx-11.0.2_windows-x64_bin-sdk\javafx-sdk-11.0.2\lib\javafx.swing.jar;C:\Users\User\Downloads\openjfx-11.0.2_windows-x64_bin-sdk\javafx-sdk-11.0.2\lib\javafx.controls.jar;C:\Users\User\Downloads\openjfx-11.0.2_windows-x64_bin-sdk\javafx-sdk-11.0.2\lib\javafx.graphics.jar
Launcher Type: SUN_STANDARD

[Global flags]
     intx CICompilerCount                          = 3                                         {product} {ergonomic}
     uint ConcGCThreads                            = 1                                         {product} {ergonomic}
     uint G1ConcRefinementThreads                  = 4                                         {product} {ergonomic}
   size_t G1HeapRegionSize                         = 1048576                                   {product} {ergonomic}
    uintx GCDrainStackTargetSize                   = 64                                        {product} {ergonomic}
   size_t InitialHeapSize                          = 130023424                                 {product} {ergonomic}
   size_t MarkStackSize                            = 4194304                                   {product} {ergonomic}
   size_t MaxHeapSize                              = 2069889024                                {product} {ergonomic}
   size_t MinHeapDeltaBytes                        = 1048576                                   {product} {ergonomic}
   size_t MinHeapSize                              = 8388608                                   {product} {ergonomic}
    uintx NonNMethodCodeHeapSize                   = 5832780                                {pd product} {ergonomic}
    uintx NonProfiledCodeHeapSize                  = 122912730                              {pd product} {ergonomic}
    uintx ProfiledCodeHeapSize                     = 122912730                              {pd product} {ergonomic}
    uintx ReservedCodeCacheSize                    = 251658240                              {pd product} {ergonomic}
     bool SegmentedCodeCache                       = true                                      {product} {ergonomic}
   size_t SoftMaxHeapSize                          = 2069889024                             {manageable} {ergonomic}
     bool UseCompressedClassPointers               = true                                 {lp64_product} {ergonomic}
     bool UseCompressedOops                        = true                                 {lp64_product} {ergonomic}
     bool UseG1GC                                  = true                                      {product} {ergonomic}
     bool UseLargePagesIndividualAllocation        = false                                  {pd product} {ergonomic}

Logging:
Log output configuration:
 #0: stdout all=warning uptime,level,tags
 #1: stderr all=off uptime,level,tags

Environment Variables:
PATH=C:\Program Files\Haskell\bin;C:\Program Files\Haskell Platform\2014.2.0.0\lib\extralibs\bin;C:\Program Files\Haskell Platform\2014.2.0.0\bin;C:\WINDOWS\system32;C:\WINDOWS;C:\WINDOWS\System32\Wbem;C:\WINDOWS\System32\WindowsPowerShell\v1.0\;C:\WINDOWS\System32\OpenSSH\;C:\Program Files\Git\cmd;C:\Program Files\Java\jdk-13.0.2\bin;C:\Program Files\Haskell Platform\2014.2.0.0\mingw\bin;C:\Program Files\Java\jdk-14.0.2\bin;C:\Users\User\AppData\Roaming\cabal\bin;C:\Users\User\AppData\Local\Programs\Python\Python37-32\Scripts\;C:\Users\User\AppData\Local\Programs\Python\Python37-32\;C:\Users\User\AppData\Local\Microsoft\WindowsApps;C:\Program Files\mingw-w64\x86_64-8.1.0-posix-seh-rt_v6-rev0\mingw64\bin;C:\Program Files\Java\jdk-13.0.2\bin;C:\Users\User\AppData\Local\Programs\Microsoft VS Code\bin;C:\Program Files\Java\jdk-14.0.2\bin;
USERNAME=User
OS=Windows_NT
PROCESSOR_IDENTIFIER=Intel64 Family 6 Model 58 Stepping 9, GenuineIntel



---------------  S Y S T E M  ---------------

OS: Windows 10 , 64 bit Build 18362 (10.0.18362.959)
OS uptime: 16 days 10:48 hours

CPU:total 4 (initial active 4) (2 cores per cpu, 2 threads per core) family 6 model 58 stepping 9, cmov, cx8, fxsr, mmx, sse, sse2, sse3, ssse3, sse4.1, sse4.2, popcnt, avx, clmul, erms, ht, tsc, tscinvbit, tscinv

Memory: 4k page, system-wide physical 7893M (1442M free)
TotalPageFile size 9775M (AvailPageFile size 88M)
current process WorkingSet (physical memory assigned to process): 10M, peak: 10M
current process commit charge ("private bytes"): 52M, peak: 175M

vm_info: OpenJDK 64-Bit Server VM (14.0.2+12-46) for windows-amd64 JRE (14.0.2+12-46), built on Jul  9 2020 00:31:16 by "mach5one" with MS VC++ 15.9 (VS2017)

END.
