#
# There is insufficient memory for the Java Runtime Environment to continue.
# Native memory allocation (malloc) failed to allocate 32744 bytes for ChunkPool::allocate
# Possible reasons:
#   The system is out of physical RAM or swap space
#   The process is running with CompressedOops enabled, and the Java Heap may be blocking the growth of the native heap
# Possible solutions:
#   Reduce memory load on the system
#   Increase physical memory or swap space
#   Check if swap backing store is full
#   Decrease Java heap size (-Xmx/-Xms)
#   Decrease number of Java threads
#   Decrease Java thread stack sizes (-Xss)
#   Set larger code cache with -XX:ReservedCodeCacheSize=
#   JVM is running with Unscaled Compressed Oops mode in which the Java heap is
#     placed in the first 4GB address space. The Java Heap base address is the
#     maximum limit for the native heap growth. Please use -XX:HeapBaseMinAddress
#     to set the Java Heap base and to place the Java Heap above 4GB virtual address.
# This output file may be truncated or incomplete.
#
#  Out of Memory Error (./open/src/hotspot/share/memory/arena.cpp:79), pid=10880, tid=2788
#
# JRE version: OpenJDK Runtime Environment (14.0.2+12) (build 14.0.2+12-46)
# Java VM: OpenJDK 64-Bit Server VM (14.0.2+12-46, mixed mode, tiered, compressed oops, g1 gc, windows-amd64)
# No core dump will be written. Minidumps are not enabled by default on client versions of Windows
#

---------------  S U M M A R Y ------------

Command Line: --module-path=C:\Users\User\Downloads\openjfx-11.0.2_windows-x64_bin-sdk\javafx-sdk-11.0.2\lib --add-modules=javafx.controls,javafx.fxml --add-modules=javafx.base,javafx.graphics --add-reads=javafx.base=ALL-UNNAMED --add-reads=javafx.graphics=ALL-UNNAMED -javaagent:C:\Program Files\JetBrains\IntelliJ IDEA Community Edition 2020.1\lib\idea_rt.jar=63882:C:\Program Files\JetBrains\IntelliJ IDEA Community Edition 2020.1\bin -Dfile.encoding=UTF-8 sample.Main

Host: Intel(R) Core(TM) i5-3230M CPU @ 2.60GHz, 4 cores, 7G,  Windows 10 , 64 bit Build 18362 (10.0.18362.959)
Time: Fri Sep 11 03:03:46 2020 RTZ 2 (ceia) elapsed time: 0 seconds (0d 0h 0m 0s)

---------------  T H R E A D  ---------------

Current thread (0x000001a67bfce800):  JavaThread "C2 CompilerThread0" daemon [_thread_in_native, id=2788, stack(0x0000005922000000,0x0000005922100000)]


Current CompileTask:
C2:    362   15       4       java.lang.StringLatin1::hashCode (42 bytes)

Stack: [0x0000005922000000,0x0000005922100000]
Native frames: (J=compiled Java code, j=interpreted, Vv=VM code, C=native code)
V  [jvm.dll+0x5f8a9a]
V  [jvm.dll+0x74247a]
V  [jvm.dll+0x743c2f]
V  [jvm.dll+0x744273]
V  [jvm.dll+0x20d288]
V  [jvm.dll+0xabea6]
V  [jvm.dll+0xac1fc]
V  [jvm.dll+0x276e05]
V  [jvm.dll+0x50cffa]
V  [jvm.dll+0x1ee1da]
V  [jvm.dll+0x1e7cfb]
V  [jvm.dll+0x1e4f98]
V  [jvm.dll+0x1779cc]
V  [jvm.dll+0x1f4105]
V  [jvm.dll+0x1f22eb]
V  [jvm.dll+0x7070cd]
V  [jvm.dll+0x6ffeda]
V  [jvm.dll+0x5f78f6]
C  [ucrtbase.dll+0x20e82]
C  [KERNEL32.DLL+0x17bd4]
C  [ntdll.dll+0x6ce51]


---------------  P R O C E S S  ---------------

Threads class SMR info:
_java_thread_list=0x000001a67c007960, length=9, elements={
0x000001a61af4d800, 0x000001a67bfc3800, 0x000001a63b46a800, 0x000001a67bffb800,
0x000001a67bffe000, 0x000001a67bfc9800, 0x000001a67bfce800, 0x000001a67bfd2000,
0x000001a67bfd5800
}

Java Threads: ( => current thread )
  0x000001a61af4d800 JavaThread "main" [_thread_in_vm, id=13260, stack(0x0000005921400000,0x0000005921500000)]
  0x000001a67bfc3800 JavaThread "Reference Handler" daemon [_thread_blocked, id=4620, stack(0x0000005921b00000,0x0000005921c00000)]
  0x000001a63b46a800 JavaThread "Finalizer" daemon [_thread_blocked, id=15340, stack(0x0000005921c00000,0x0000005921d00000)]
  0x000001a67bffb800 JavaThread "Signal Dispatcher" daemon [_thread_blocked, id=15224, stack(0x0000005921d00000,0x0000005921e00000)]
  0x000001a67bffe000 JavaThread "Attach Listener" daemon [_thread_blocked, id=1804, stack(0x0000005921e00000,0x0000005921f00000)]
  0x000001a67bfc9800 JavaThread "Service Thread" daemon [_thread_blocked, id=11840, stack(0x0000005921f00000,0x0000005922000000)]
=>0x000001a67bfce800 JavaThread "C2 CompilerThread0" daemon [_thread_in_native, id=2788, stack(0x0000005922000000,0x0000005922100000)]
  0x000001a67bfd2000 JavaThread "C1 CompilerThread0" daemon [_thread_blocked, id=6452, stack(0x0000005922100000,0x0000005922200000)]
  0x000001a67bfd5800 JavaThread "Sweeper thread" daemon [_thread_blocked, id=2496, stack(0x0000005922200000,0x0000005922300000)]

Other Threads:
  0x000001a63b468800 VMThread "VM Thread" [stack: 0x0000005921a00000,0x0000005921b00000] [id=11508]
  0x000001a61af8f000 GCTaskThread "GC Thread#0" [stack: 0x0000005921500000,0x0000005921600000] [id=2016]
  0x000001a61afa1000 ConcurrentGCThread "G1 Main Marker" [stack: 0x0000005921600000,0x0000005921700000] [id=4624]
  0x000001a61afa2000 ConcurrentGCThread "G1 Conc#0" [stack: 0x0000005921700000,0x0000005921800000] [id=9812]
  0x000001a61b019800 ConcurrentGCThread "G1 Refine#0" [stack: 0x0000005921800000,0x0000005921900000] [id=9692]
  0x000001a61b01a800 ConcurrentGCThread "G1 Young RemSet Sampling" [stack: 0x0000005921900000,0x0000005921a00000] [id=10272]

Threads with active compile tasks:
C2 CompilerThread0      760   15       4       java.lang.StringLatin1::hashCode (42 bytes)

VM state:not at safepoint (normal execution)

VM Mutex/Monitor currently owned by a thread: None

Heap address: 0x0000000084a00000, size: 1974 MB, Compressed Oops mode: 32-bit
Narrow klass base: 0x0000000000000000, Narrow klass shift: 3
Compressed class space size: 1073741824 Address: 0x0000000100000000

Heap:
 garbage-first heap   total 126976K, used 0K [0x0000000084a00000, 0x0000000100000000)
  region size 1024K, 1 young (1024K), 0 survivors (0K)
 Metaspace       used 3747K, capacity 4480K, committed 4480K, reserved 1056768K
  class space    used 322K, capacity 384K, committed 384K, reserved 1048576K
Heap Regions: E=young(eden), S=young(survivor), O=old, HS=humongous(starts), HC=humongous(continues), CS=collection set, F=free, OA=open archive, CA=closed archive, TAMS=top-at-mark-start (previous, next)
|   0|0x0000000084a00000, 0x0000000084a00000, 0x0000000084b00000|  0%| F|  |TAMS 0x0000000084a00000, 0x0000000084a00000| Untracked 
|   1|0x0000000084b00000, 0x0000000084b00000, 0x0000000084c00000|  0%| F|  |TAMS 0x0000000084b00000, 0x0000000084b00000| Untracked 
|   2|0x0000000084c00000, 0x0000000084c00000, 0x0000000084d00000|  0%| F|  |TAMS 0x0000000084c00000, 0x0000000084c00000| Untracked 
|   3|0x0000000084d00000, 0x0000000084d00000, 0x0000000084e00000|  0%| F|  |TAMS 0x0000000084d00000, 0x0000000084d00000| Untracked 
|   4|0x0000000084e00000, 0x0000000084e00000, 0x0000000084f00000|  0%| F|  |TAMS 0x0000000084e00000, 0x0000000084e00000| Untracked 
|   5|0x0000000084f00000, 0x0000000084f00000, 0x0000000085000000|  0%| F|  |TAMS 0x0000000084f00000, 0x0000000084f00000| Untracked 
|   6|0x0000000085000000, 0x0000000085000000, 0x0000000085100000|  0%| F|  |TAMS 0x0000000085000000, 0x0000000085000000| Untracked 
|   7|0x0000000085100000, 0x0000000085100000, 0x0000000085200000|  0%| F|  |TAMS 0x0000000085100000, 0x0000000085100000| Untracked 
|   8|0x0000000085200000, 0x0000000085200000, 0x0000000085300000|  0%| F|  |TAMS 0x0000000085200000, 0x0000000085200000| Untracked 
|   9|0x0000000085300000, 0x0000000085300000, 0x0000000085400000|  0%| F|  |TAMS 0x0000000085300000, 0x0000000085300000| Untracked 
|  10|0x0000000085400000, 0x0000000085400000, 0x0000000085500000|  0%| F|  |TAMS 0x0000000085400000, 0x0000000085400000| Untracked 
|  11|0x0000000085500000, 0x0000000085500000, 0x0000000085600000|  0%| F|  |TAMS 0x0000000085500000, 0x0000000085500000| Untracked 
|  12|0x0000000085600000, 0x0000000085600000, 0x0000000085700000|  0%| F|  |TAMS 0x0000000085600000, 0x0000000085600000| Untracked 
|  13|0x0000000085700000, 0x0000000085700000, 0x0000000085800000|  0%| F|  |TAMS 0x0000000085700000, 0x0000000085700000| Untracked 
|  14|0x0000000085800000, 0x0000000085800000, 0x0000000085900000|  0%| F|  |TAMS 0x0000000085800000, 0x0000000085800000| Untracked 
|  15|0x0000000085900000, 0x0000000085900000, 0x0000000085a00000|  0%| F|  |TAMS 0x0000000085900000, 0x0000000085900000| Untracked 
|  16|0x0000000085a00000, 0x0000000085a00000, 0x0000000085b00000|  0%| F|  |TAMS 0x0000000085a00000, 0x0000000085a00000| Untracked 
|  17|0x0000000085b00000, 0x0000000085b00000, 0x0000000085c00000|  0%| F|  |TAMS 0x0000000085b00000, 0x0000000085b00000| Untracked 
|  18|0x0000000085c00000, 0x0000000085c00000, 0x0000000085d00000|  0%| F|  |TAMS 0x0000000085c00000, 0x0000000085c00000| Untracked 
|  19|0x0000000085d00000, 0x0000000085d00000, 0x0000000085e00000|  0%| F|  |TAMS 0x0000000085d00000, 0x0000000085d00000| Untracked 
|  20|0x0000000085e00000, 0x0000000085e00000, 0x0000000085f00000|  0%| F|  |TAMS 0x0000000085e00000, 0x0000000085e00000| Untracked 
|  21|0x0000000085f00000, 0x0000000085f00000, 0x0000000086000000|  0%| F|  |TAMS 0x0000000085f00000, 0x0000000085f00000| Untracked 
|  22|0x0000000086000000, 0x0000000086000000, 0x0000000086100000|  0%| F|  |TAMS 0x0000000086000000, 0x0000000086000000| Untracked 
|  23|0x0000000086100000, 0x0000000086100000, 0x0000000086200000|  0%| F|  |TAMS 0x0000000086100000, 0x0000000086100000| Untracked 
|  24|0x0000000086200000, 0x0000000086200000, 0x0000000086300000|  0%| F|  |TAMS 0x0000000086200000, 0x0000000086200000| Untracked 
|  25|0x0000000086300000, 0x0000000086300000, 0x0000000086400000|  0%| F|  |TAMS 0x0000000086300000, 0x0000000086300000| Untracked 
|  26|0x0000000086400000, 0x0000000086400000, 0x0000000086500000|  0%| F|  |TAMS 0x0000000086400000, 0x0000000086400000| Untracked 
|  27|0x0000000086500000, 0x0000000086500000, 0x0000000086600000|  0%| F|  |TAMS 0x0000000086500000, 0x0000000086500000| Untracked 
|  28|0x0000000086600000, 0x0000000086600000, 0x0000000086700000|  0%| F|  |TAMS 0x0000000086600000, 0x0000000086600000| Untracked 
|  29|0x0000000086700000, 0x0000000086700000, 0x0000000086800000|  0%| F|  |TAMS 0x0000000086700000, 0x0000000086700000| Untracked 
|  30|0x0000000086800000, 0x0000000086800000, 0x0000000086900000|  0%| F|  |TAMS 0x0000000086800000, 0x0000000086800000| Untracked 
|  31|0x0000000086900000, 0x0000000086900000, 0x0000000086a00000|  0%| F|  |TAMS 0x0000000086900000, 0x0000000086900000| Untracked 
|  32|0x0000000086a00000, 0x0000000086a00000, 0x0000000086b00000|  0%| F|  |TAMS 0x0000000086a00000, 0x0000000086a00000| Untracked 
|  33|0x0000000086b00000, 0x0000000086b00000, 0x0000000086c00000|  0%| F|  |TAMS 0x0000000086b00000, 0x0000000086b00000| Untracked 
|  34|0x0000000086c00000, 0x0000000086c00000, 0x0000000086d00000|  0%| F|  |TAMS 0x0000000086c00000, 0x0000000086c00000| Untracked 
|  35|0x0000000086d00000, 0x0000000086d00000, 0x0000000086e00000|  0%| F|  |TAMS 0x0000000086d00000, 0x0000000086d00000| Untracked 
|  36|0x0000000086e00000, 0x0000000086e00000, 0x0000000086f00000|  0%| F|  |TAMS 0x0000000086e00000, 0x0000000086e00000| Untracked 
|  37|0x0000000086f00000, 0x0000000086f00000, 0x0000000087000000|  0%| F|  |TAMS 0x0000000086f00000, 0x0000000086f00000| Untracked 
|  38|0x0000000087000000, 0x0000000087000000, 0x0000000087100000|  0%| F|  |TAMS 0x0000000087000000, 0x0000000087000000| Untracked 
|  39|0x0000000087100000, 0x0000000087100000, 0x0000000087200000|  0%| F|  |TAMS 0x0000000087100000, 0x0000000087100000| Untracked 
|  40|0x0000000087200000, 0x0000000087200000, 0x0000000087300000|  0%| F|  |TAMS 0x0000000087200000, 0x0000000087200000| Untracked 
|  41|0x0000000087300000, 0x0000000087300000, 0x0000000087400000|  0%| F|  |TAMS 0x0000000087300000, 0x0000000087300000| Untracked 
|  42|0x0000000087400000, 0x0000000087400000, 0x0000000087500000|  0%| F|  |TAMS 0x0000000087400000, 0x0000000087400000| Untracked 
|  43|0x0000000087500000, 0x0000000087500000, 0x0000000087600000|  0%| F|  |TAMS 0x0000000087500000, 0x0000000087500000| Untracked 
|  44|0x0000000087600000, 0x0000000087600000, 0x0000000087700000|  0%| F|  |TAMS 0x0000000087600000, 0x0000000087600000| Untracked 
|  45|0x0000000087700000, 0x0000000087700000, 0x0000000087800000|  0%| F|  |TAMS 0x0000000087700000, 0x0000000087700000| Untracked 
|  46|0x0000000087800000, 0x0000000087800000, 0x0000000087900000|  0%| F|  |TAMS 0x0000000087800000, 0x0000000087800000| Untracked 
|  47|0x0000000087900000, 0x0000000087900000, 0x0000000087a00000|  0%| F|  |TAMS 0x0000000087900000, 0x0000000087900000| Untracked 
|  48|0x0000000087a00000, 0x0000000087a00000, 0x0000000087b00000|  0%| F|  |TAMS 0x0000000087a00000, 0x0000000087a00000| Untracked 
|  49|0x0000000087b00000, 0x0000000087b00000, 0x0000000087c00000|  0%| F|  |TAMS 0x0000000087b00000, 0x0000000087b00000| Untracked 
|  50|0x0000000087c00000, 0x0000000087c00000, 0x0000000087d00000|  0%| F|  |TAMS 0x0000000087c00000, 0x0000000087c00000| Untracked 
|  51|0x0000000087d00000, 0x0000000087d00000, 0x0000000087e00000|  0%| F|  |TAMS 0x0000000087d00000, 0x0000000087d00000| Untracked 
|  52|0x0000000087e00000, 0x0000000087e00000, 0x0000000087f00000|  0%| F|  |TAMS 0x0000000087e00000, 0x0000000087e00000| Untracked 
|  53|0x0000000087f00000, 0x0000000087f00000, 0x0000000088000000|  0%| F|  |TAMS 0x0000000087f00000, 0x0000000087f00000| Untracked 
|  54|0x0000000088000000, 0x0000000088000000, 0x0000000088100000|  0%| F|  |TAMS 0x0000000088000000, 0x0000000088000000| Untracked 
|  55|0x0000000088100000, 0x0000000088100000, 0x0000000088200000|  0%| F|  |TAMS 0x0000000088100000, 0x0000000088100000| Untracked 
|  56|0x0000000088200000, 0x0000000088200000, 0x0000000088300000|  0%| F|  |TAMS 0x0000000088200000, 0x0000000088200000| Untracked 
|  57|0x0000000088300000, 0x0000000088300000, 0x0000000088400000|  0%| F|  |TAMS 0x0000000088300000, 0x0000000088300000| Untracked 
|  58|0x0000000088400000, 0x0000000088400000, 0x0000000088500000|  0%| F|  |TAMS 0x0000000088400000, 0x0000000088400000| Untracked 
|  59|0x0000000088500000, 0x0000000088500000, 0x0000000088600000|  0%| F|  |TAMS 0x0000000088500000, 0x0000000088500000| Untracked 
|  60|0x0000000088600000, 0x0000000088600000, 0x0000000088700000|  0%| F|  |TAMS 0x0000000088600000, 0x0000000088600000| Untracked 
|  61|0x0000000088700000, 0x0000000088700000, 0x0000000088800000|  0%| F|  |TAMS 0x0000000088700000, 0x0000000088700000| Untracked 
|  62|0x0000000088800000, 0x0000000088800000, 0x0000000088900000|  0%| F|  |TAMS 0x0000000088800000, 0x0000000088800000| Untracked 
|  63|0x0000000088900000, 0x0000000088900000, 0x0000000088a00000|  0%| F|  |TAMS 0x0000000088900000, 0x0000000088900000| Untracked 
|  64|0x0000000088a00000, 0x0000000088a00000, 0x0000000088b00000|  0%| F|  |TAMS 0x0000000088a00000, 0x0000000088a00000| Untracked 
|  65|0x0000000088b00000, 0x0000000088b00000, 0x0000000088c00000|  0%| F|  |TAMS 0x0000000088b00000, 0x0000000088b00000| Untracked 
|  66|0x0000000088c00000, 0x0000000088c00000, 0x0000000088d00000|  0%| F|  |TAMS 0x0000000088c00000, 0x0000000088c00000| Untracked 
|  67|0x0000000088d00000, 0x0000000088d00000, 0x0000000088e00000|  0%| F|  |TAMS 0x0000000088d00000, 0x0000000088d00000| Untracked 
|  68|0x0000000088e00000, 0x0000000088e00000, 0x0000000088f00000|  0%| F|  |TAMS 0x0000000088e00000, 0x0000000088e00000| Untracked 
|  69|0x0000000088f00000, 0x0000000088f00000, 0x0000000089000000|  0%| F|  |TAMS 0x0000000088f00000, 0x0000000088f00000| Untracked 
|  70|0x0000000089000000, 0x0000000089000000, 0x0000000089100000|  0%| F|  |TAMS 0x0000000089000000, 0x0000000089000000| Untracked 
|  71|0x0000000089100000, 0x0000000089100000, 0x0000000089200000|  0%| F|  |TAMS 0x0000000089100000, 0x0000000089100000| Untracked 
|  72|0x0000000089200000, 0x0000000089200000, 0x0000000089300000|  0%| F|  |TAMS 0x0000000089200000, 0x0000000089200000| Untracked 
|  73|0x0000000089300000, 0x0000000089300000, 0x0000000089400000|  0%| F|  |TAMS 0x0000000089300000, 0x0000000089300000| Untracked 
|  74|0x0000000089400000, 0x0000000089400000, 0x0000000089500000|  0%| F|  |TAMS 0x0000000089400000, 0x0000000089400000| Untracked 
|  75|0x0000000089500000, 0x0000000089500000, 0x0000000089600000|  0%| F|  |TAMS 0x0000000089500000, 0x0000000089500000| Untracked 
|  76|0x0000000089600000, 0x0000000089600000, 0x0000000089700000|  0%| F|  |TAMS 0x0000000089600000, 0x0000000089600000| Untracked 
|  77|0x0000000089700000, 0x0000000089700000, 0x0000000089800000|  0%| F|  |TAMS 0x0000000089700000, 0x0000000089700000| Untracked 
|  78|0x0000000089800000, 0x0000000089800000, 0x0000000089900000|  0%| F|  |TAMS 0x0000000089800000, 0x0000000089800000| Untracked 
|  79|0x0000000089900000, 0x0000000089900000, 0x0000000089a00000|  0%| F|  |TAMS 0x0000000089900000, 0x0000000089900000| Untracked 
|  80|0x0000000089a00000, 0x0000000089a00000, 0x0000000089b00000|  0%| F|  |TAMS 0x0000000089a00000, 0x0000000089a00000| Untracked 
|  81|0x0000000089b00000, 0x0000000089b00000, 0x0000000089c00000|  0%| F|  |TAMS 0x0000000089b00000, 0x0000000089b00000| Untracked 
|  82|0x0000000089c00000, 0x0000000089c00000, 0x0000000089d00000|  0%| F|  |TAMS 0x0000000089c00000, 0x0000000089c00000| Untracked 
|  83|0x0000000089d00000, 0x0000000089d00000, 0x0000000089e00000|  0%| F|  |TAMS 0x0000000089d00000, 0x0000000089d00000| Untracked 
|  84|0x0000000089e00000, 0x0000000089e00000, 0x0000000089f00000|  0%| F|  |TAMS 0x0000000089e00000, 0x0000000089e00000| Untracked 
|  85|0x0000000089f00000, 0x0000000089f00000, 0x000000008a000000|  0%| F|  |TAMS 0x0000000089f00000, 0x0000000089f00000| Untracked 
|  86|0x000000008a000000, 0x000000008a000000, 0x000000008a100000|  0%| F|  |TAMS 0x000000008a000000, 0x000000008a000000| Untracked 
|  87|0x000000008a100000, 0x000000008a100000, 0x000000008a200000|  0%| F|  |TAMS 0x000000008a100000, 0x000000008a100000| Untracked 
|  88|0x000000008a200000, 0x000000008a200000, 0x000000008a300000|  0%| F|  |TAMS 0x000000008a200000, 0x000000008a200000| Untracked 
|  89|0x000000008a300000, 0x000000008a300000, 0x000000008a400000|  0%| F|  |TAMS 0x000000008a300000, 0x000000008a300000| Untracked 
|  90|0x000000008a400000, 0x000000008a400000, 0x000000008a500000|  0%| F|  |TAMS 0x000000008a400000, 0x000000008a400000| Untracked 
|  91|0x000000008a500000, 0x000000008a500000, 0x000000008a600000|  0%| F|  |TAMS 0x000000008a500000, 0x000000008a500000| Untracked 
|  92|0x000000008a600000, 0x000000008a600000, 0x000000008a700000|  0%| F|  |TAMS 0x000000008a600000, 0x000000008a600000| Untracked 
|  93|0x000000008a700000, 0x000000008a700000, 0x000000008a800000|  0%| F|  |TAMS 0x000000008a700000, 0x000000008a700000| Untracked 
|  94|0x000000008a800000, 0x000000008a800000, 0x000000008a900000|  0%| F|  |TAMS 0x000000008a800000, 0x000000008a800000| Untracked 
|  95|0x000000008a900000, 0x000000008a900000, 0x000000008aa00000|  0%| F|  |TAMS 0x000000008a900000, 0x000000008a900000| Untracked 
|  96|0x000000008aa00000, 0x000000008aa00000, 0x000000008ab00000|  0%| F|  |TAMS 0x000000008aa00000, 0x000000008aa00000| Untracked 
|  97|0x000000008ab00000, 0x000000008ab00000, 0x000000008ac00000|  0%| F|  |TAMS 0x000000008ab00000, 0x000000008ab00000| Untracked 
|  98|0x000000008ac00000, 0x000000008ac00000, 0x000000008ad00000|  0%| F|  |TAMS 0x000000008ac00000, 0x000000008ac00000| Untracked 
|  99|0x000000008ad00000, 0x000000008ad00000, 0x000000008ae00000|  0%| F|  |TAMS 0x000000008ad00000, 0x000000008ad00000| Untracked 
| 100|0x000000008ae00000, 0x000000008ae00000, 0x000000008af00000|  0%| F|  |TAMS 0x000000008ae00000, 0x000000008ae00000| Untracked 
| 101|0x000000008af00000, 0x000000008af00000, 0x000000008b000000|  0%| F|  |TAMS 0x000000008af00000, 0x000000008af00000| Untracked 
| 102|0x000000008b000000, 0x000000008b000000, 0x000000008b100000|  0%| F|  |TAMS 0x000000008b000000, 0x000000008b000000| Untracked 
| 103|0x000000008b100000, 0x000000008b100000, 0x000000008b200000|  0%| F|  |TAMS 0x000000008b100000, 0x000000008b100000| Untracked 
| 104|0x000000008b200000, 0x000000008b200000, 0x000000008b300000|  0%| F|  |TAMS 0x000000008b200000, 0x000000008b200000| Untracked 
| 105|0x000000008b300000, 0x000000008b300000, 0x000000008b400000|  0%| F|  |TAMS 0x000000008b300000, 0x000000008b300000| Untracked 
| 106|0x000000008b400000, 0x000000008b400000, 0x000000008b500000|  0%| F|  |TAMS 0x000000008b400000, 0x000000008b400000| Untracked 
| 107|0x000000008b500000, 0x000000008b500000, 0x000000008b600000|  0%| F|  |TAMS 0x000000008b500000, 0x000000008b500000| Untracked 
| 108|0x000000008b600000, 0x000000008b600000, 0x000000008b700000|  0%| F|  |TAMS 0x000000008b600000, 0x000000008b600000| Untracked 
| 109|0x000000008b700000, 0x000000008b700000, 0x000000008b800000|  0%| F|  |TAMS 0x000000008b700000, 0x000000008b700000| Untracked 
| 110|0x000000008b800000, 0x000000008b800000, 0x000000008b900000|  0%| F|  |TAMS 0x000000008b800000, 0x000000008b800000| Untracked 
| 111|0x000000008b900000, 0x000000008b900000, 0x000000008ba00000|  0%| F|  |TAMS 0x000000008b900000, 0x000000008b900000| Untracked 
| 112|0x000000008ba00000, 0x000000008ba00000, 0x000000008bb00000|  0%| F|  |TAMS 0x000000008ba00000, 0x000000008ba00000| Untracked 
| 113|0x000000008bb00000, 0x000000008bb00000, 0x000000008bc00000|  0%| F|  |TAMS 0x000000008bb00000, 0x000000008bb00000| Untracked 
| 114|0x000000008bc00000, 0x000000008bc00000, 0x000000008bd00000|  0%| F|  |TAMS 0x000000008bc00000, 0x000000008bc00000| Untracked 
| 115|0x000000008bd00000, 0x000000008bd00000, 0x000000008be00000|  0%| F|  |TAMS 0x000000008bd00000, 0x000000008bd00000| Untracked 
| 116|0x000000008be00000, 0x000000008be00000, 0x000000008bf00000|  0%| F|  |TAMS 0x000000008be00000, 0x000000008be00000| Untracked 
| 117|0x000000008bf00000, 0x000000008bf00000, 0x000000008c000000|  0%| F|  |TAMS 0x000000008bf00000, 0x000000008bf00000| Untracked 
| 118|0x000000008c000000, 0x000000008c000000, 0x000000008c100000|  0%| F|  |TAMS 0x000000008c000000, 0x000000008c000000| Untracked 
| 119|0x000000008c100000, 0x000000008c100000, 0x000000008c200000|  0%| F|  |TAMS 0x000000008c100000, 0x000000008c100000| Untracked 
| 120|0x000000008c200000, 0x000000008c200000, 0x000000008c300000|  0%| F|  |TAMS 0x000000008c200000, 0x000000008c200000| Untracked 
| 121|0x000000008c300000, 0x000000008c300000, 0x000000008c400000|  0%| F|  |TAMS 0x000000008c300000, 0x000000008c300000| Untracked 
| 122|0x000000008c400000, 0x000000008c400000, 0x000000008c500000|  0%| F|  |TAMS 0x000000008c400000, 0x000000008c400000| Untracked 
| 123|0x000000008c500000, 0x000000008c585540, 0x000000008c600000| 52%| E|  |TAMS 0x000000008c500000, 0x000000008c500000| Complete 

Card table byte_map: [0x000001a6348b0000,0x000001a634c90000] _byte_map_base: 0x000001a63448b000

Marking Bits (Prev, Next): (CMBitMap*) 0x000001a61af90c08, (CMBitMap*) 0x000001a61af90c48
 Prev Bits: [0x000001a635070000, 0x000001a636f48000)
 Next Bits: [0x000001a636f50000, 0x000001a638e28000)

Polling page: 0x000001a61ad70000

Metaspace:

Usage:
  Non-class:      4.00 MB capacity,     3.34 MB ( 84%) used,   671.13 KB ( 16%) free+waste,    64 bytes ( <1%) overhead. 
      Class:    384.00 KB capacity,   322.70 KB ( 84%) used,    61.23 KB ( 16%) free+waste,    64 bytes ( <1%) overhead. 
       Both:      4.38 MB capacity,     3.66 MB ( 84%) used,   732.37 KB ( 16%) free+waste,   128 bytes ( <1%) overhead. 

Virtual space:
  Non-class space:        8.00 MB reserved,       4.00 MB ( 50%) committed 
      Class space:        1.00 GB reserved,     384.00 KB ( <1%) committed 
             Both:        1.01 GB reserved,       4.38 MB ( <1%) committed 

Chunk freelists:
   Non-Class:  0 bytes
       Class:  0 bytes
        Both:  0 bytes

MaxMetaspaceSize: 17179869184.00 GB
CompressedClassSpaceSize: 1.00 GB

CodeHeap 'non-profiled nmethods': size=120000Kb used=2Kb max_used=2Kb free=119997Kb
 bounds [0x000001a62c970000, 0x000001a62cbe0000, 0x000001a633ea0000]
CodeHeap 'profiled nmethods': size=120000Kb used=37Kb max_used=37Kb free=119962Kb
 bounds [0x000001a625440000, 0x000001a6256b0000, 0x000001a62c970000]
CodeHeap 'non-nmethods': size=5760Kb used=1041Kb max_used=1041Kb free=4718Kb
 bounds [0x000001a624ea0000, 0x000001a625110000, 0x000001a625440000]
 total_blobs=290 nmethods=31 adapters=172
 compilation: enabled
              stopped_count=0, restarted_count=0
 full_count=0

Compilation events (20 events):
Event: 0.355 Thread 0x000001a67bfd2000    8       3       java.util.ImmutableCollections$SetN::probe (56 bytes)
Event: 0.356 Thread 0x000001a67bfd2000 nmethod 8 0x000001a625442410 code [0x000001a6254425e0, 0x000001a625442b18]
Event: 0.356 Thread 0x000001a67bfd2000    9       3       java.lang.String::equals (50 bytes)
Event: 0.356 Thread 0x000001a67bfd2000 nmethod 9 0x000001a625442d10 code [0x000001a625442ee0, 0x000001a6254432e8]
Event: 0.357 Thread 0x000001a67bfd2000   10       3       java.util.ImmutableCollections$SetN::hashCode (46 bytes)
Event: 0.357 Thread 0x000001a67bfd2000 nmethod 10 0x000001a625443410 code [0x000001a6254435c0, 0x000001a6254438a8]
Event: 0.357 Thread 0x000001a67bfd2000   11       3       java.lang.StringLatin1::equals (36 bytes)
Event: 0.357 Thread 0x000001a67bfd2000 nmethod 11 0x000001a625443a10 code [0x000001a625443bc0, 0x000001a625443e38]
Event: 0.358 Thread 0x000001a67bfd2000   12       3       java.util.Objects::equals (23 bytes)
Event: 0.358 Thread 0x000001a67bfd2000 nmethod 12 0x000001a625443f90 code [0x000001a625444140, 0x000001a6254443a8]
Event: 0.358 Thread 0x000001a67bfd2000   13       3       java.util.Set::of (4 bytes)
Event: 0.358 Thread 0x000001a67bfd2000 nmethod 13 0x000001a625444490 code [0x000001a625444620, 0x000001a625444718]
Event: 0.358 Thread 0x000001a67bfd2000   14       3       java.lang.module.ModuleDescriptor$Exports::<init> (20 bytes)
Event: 0.358 Thread 0x000001a67bfce800   15       4       java.lang.StringLatin1::hashCode (42 bytes)
Event: 0.358 Thread 0x000001a67bfd2000 nmethod 14 0x000001a625444790 code [0x000001a625444940, 0x000001a625444bb8]
Event: 0.358 Thread 0x000001a67bfd2000   16       3       java.lang.module.ModuleDescriptor$Exports::hashCode (38 bytes)
Event: 0.359 Thread 0x000001a67bfd2000 nmethod 16 0x000001a625444c90 code [0x000001a625444e60, 0x000001a625445148]
Event: 0.359 Thread 0x000001a67bfd2000   17       3       java.util.Objects::requireNonNull (14 bytes)
Event: 0.359 Thread 0x000001a67bfd2000 nmethod 17 0x000001a625445290 code [0x000001a625445440, 0x000001a625445608]
Event: 0.360 Thread 0x000001a67bfd2000   18       3       java.util.AbstractCollection::<init> (5 bytes)

GC Heap History (0 events):
No events

Deoptimization events (0 events):
No events

Classes unloaded (0 events):
No events

Classes redefined (0 events):
No events

Internal exceptions (0 events):
No events

Events (20 events):
Event: 0.333 loading class jdk/internal/module/SystemModules$all
Event: 0.341 loading class jdk/internal/module/SystemModules
Event: 0.341 loading class jdk/internal/module/SystemModules done
Event: 0.341 loading class jdk/internal/module/SystemModules$all done
Event: 0.342 loading class jdk/internal/module/Builder
Event: 0.353 loading class jdk/internal/module/Builder done
Event: 0.353 loading class java/lang/module/ModuleDescriptor$Requires
Event: 0.353 loading class java/lang/module/ModuleDescriptor$Requires done
Event: 0.353 loading class java/lang/module/ModuleDescriptor$Exports
Event: 0.353 loading class java/lang/module/ModuleDescriptor$Exports done
Event: 0.354 loading class java/lang/module/ModuleDescriptor$Opens
Event: 0.354 loading class java/lang/module/ModuleDescriptor$Opens done
Event: 0.355 loading class java/lang/module/ModuleDescriptor$Provides
Event: 0.355 loading class java/lang/module/ModuleDescriptor$Provides done
Event: 0.355 loading class java/lang/module/ModuleDescriptor$Version
Event: 0.355 loading class java/lang/module/ModuleDescriptor$Version done
Event: 0.355 loading class java/lang/module/ModuleDescriptor$Modifier
Event: 0.355 loading class java/lang/module/ModuleDescriptor$Modifier done
Event: 0.356 loading class java/lang/module/ModuleDescriptor$Requires$Modifier
Event: 0.356 loading class java/lang/module/ModuleDescriptor$Requires$Modifier done


Dynamic libraries:
0x00007ff794e90000 - 0x00007ff794e9d000 	C:\Users\User\.jdks\openjdk-14.0.2\bin\java.exe
0x00007ff9b7c60000 - 0x00007ff9b7e50000 	C:\WINDOWS\SYSTEM32\ntdll.dll
0x00007ff9b5d80000 - 0x00007ff9b5e32000 	C:\WINDOWS\System32\KERNEL32.DLL
0x00007ff9b4fb0000 - 0x00007ff9b5254000 	C:\WINDOWS\System32\KERNELBASE.dll
0x00007ff9b4c70000 - 0x00007ff9b4d6a000 	C:\WINDOWS\System32\ucrtbase.dll
0x00007ff9a8030000 - 0x00007ff9a8048000 	C:\Users\User\.jdks\openjdk-14.0.2\bin\jli.dll
0x00007ff9b6560000 - 0x00007ff9b66f5000 	C:\WINDOWS\System32\USER32.dll
0x00007ff9b5c70000 - 0x00007ff9b5c91000 	C:\WINDOWS\System32\win32u.dll
0x00007ff9b7bf0000 - 0x00007ff9b7c16000 	C:\WINDOWS\System32\GDI32.dll
0x00007ff9b4e10000 - 0x00007ff9b4fa6000 	C:\WINDOWS\System32\gdi32full.dll
0x00007ff9b4d70000 - 0x00007ff9b4e0e000 	C:\WINDOWS\System32\msvcp_win.dll
0x00007ff9a79b0000 - 0x00007ff9a79c5000 	C:\Users\User\.jdks\openjdk-14.0.2\bin\VCRUNTIME140.dll
0x00007ff9a6c90000 - 0x00007ff9a6f14000 	C:\WINDOWS\WinSxS\amd64_microsoft.windows.common-controls_6595b64144ccf1df_6.0.18362.1016_none_9e7a36bbe461dae4\COMCTL32.dll
0x00007ff9b7340000 - 0x00007ff9b73de000 	C:\WINDOWS\System32\msvcrt.dll
0x00007ff9b6170000 - 0x00007ff9b64a5000 	C:\WINDOWS\System32\combase.dll
0x00007ff9b79e0000 - 0x00007ff9b7b00000 	C:\WINDOWS\System32\RPCRT4.dll
0x00007ff9b5aa0000 - 0x00007ff9b5b20000 	C:\WINDOWS\System32\bcryptPrimitives.dll
0x00007ff9b7310000 - 0x00007ff9b733e000 	C:\WINDOWS\System32\IMM32.DLL
0x00007ff9a4510000 - 0x00007ff9a45ab000 	C:\Users\User\.jdks\openjdk-14.0.2\bin\msvcp140.dll
0x00007ff977fe0000 - 0x00007ff978afe000 	C:\Users\User\.jdks\openjdk-14.0.2\bin\server\jvm.dll
0x00007ff9b73e0000 - 0x00007ff9b7483000 	C:\WINDOWS\System32\ADVAPI32.dll
0x00007ff9b70c0000 - 0x00007ff9b7157000 	C:\WINDOWS\System32\sechost.dll
0x00007ff9b5f80000 - 0x00007ff9b5f88000 	C:\WINDOWS\System32\PSAPI.DLL
0x00007ff9b2510000 - 0x00007ff9b2519000 	C:\WINDOWS\SYSTEM32\WSOCK32.dll
0x00007ff9b6870000 - 0x00007ff9b68df000 	C:\WINDOWS\System32\WS2_32.dll
0x00007ff9b2610000 - 0x00007ff9b2634000 	C:\WINDOWS\SYSTEM32\WINMM.dll
0x00007ff9adf40000 - 0x00007ff9adf4a000 	C:\WINDOWS\SYSTEM32\VERSION.dll
0x00007ff9b25e0000 - 0x00007ff9b260d000 	C:\WINDOWS\SYSTEM32\WINMMBASE.dll
0x00007ff9b5ca0000 - 0x00007ff9b5cea000 	C:\WINDOWS\System32\cfgmgr32.dll
0x00007ff9b4b20000 - 0x00007ff9b4b31000 	C:\WINDOWS\System32\kernel.appcore.dll
0x00007ff9ada70000 - 0x00007ff9ada7a000 	C:\Users\User\.jdks\openjdk-14.0.2\bin\jimage.dll
0x00007ff9ae070000 - 0x00007ff9ae264000 	C:\WINDOWS\SYSTEM32\DBGHELP.DLL
0x00007ff9adbd0000 - 0x00007ff9adbfa000 	C:\WINDOWS\SYSTEM32\dbgcore.DLL
0x00007ff9b1600000 - 0x00007ff9b160e000 	C:\Users\User\.jdks\openjdk-14.0.2\bin\instrument.dll
0x00007ff9a63b0000 - 0x00007ff9a63d5000 	C:\Users\User\.jdks\openjdk-14.0.2\bin\java.dll
0x00007ff9a7220000 - 0x00007ff9a7236000 	C:\Users\User\.jdks\openjdk-14.0.2\bin\zip.dll
0x00007ff9b6970000 - 0x00007ff9b7057000 	C:\WINDOWS\System32\SHELL32.dll
0x00007ff9b6760000 - 0x00007ff9b6809000 	C:\WINDOWS\System32\shcore.dll
0x00007ff9b5310000 - 0x00007ff9b5a92000 	C:\WINDOWS\System32\windows.storage.dll
0x00007ff9b4b60000 - 0x00007ff9b4b83000 	C:\WINDOWS\System32\profapi.dll
0x00007ff9b4b90000 - 0x00007ff9b4bda000 	C:\WINDOWS\System32\powrprof.dll
0x00007ff9b4b10000 - 0x00007ff9b4b20000 	C:\WINDOWS\System32\UMPDC.dll
0x00007ff9b6700000 - 0x00007ff9b6752000 	C:\WINDOWS\System32\shlwapi.dll
0x00007ff9b5cf0000 - 0x00007ff9b5d07000 	C:\WINDOWS\System32\cryptsp.dll

dbghelp: loaded successfully - version: 4.0.5 - missing functions: none
symbol engine: initialized successfully - sym options: 0x614 - pdb path: .;C:\Users\User\.jdks\openjdk-14.0.2\bin;C:\WINDOWS\SYSTEM32;C:\WINDOWS\WinSxS\amd64_microsoft.windows.common-controls_6595b64144ccf1df_6.0.18362.1016_none_9e7a36bbe461dae4;C:\Users\User\.jdks\openjdk-14.0.2\bin\server

VM Arguments:
jvm_args: --module-path=C:\Users\User\Downloads\openjfx-11.0.2_windows-x64_bin-sdk\javafx-sdk-11.0.2\lib --add-modules=javafx.controls,javafx.fxml --add-modules=javafx.base,javafx.graphics --add-reads=javafx.base=ALL-UNNAMED --add-reads=javafx.graphics=ALL-UNNAMED -javaagent:C:\Program Files\JetBrains\IntelliJ IDEA Community Edition 2020.1\lib\idea_rt.jar=63882:C:\Program Files\JetBrains\IntelliJ IDEA Community Edition 2020.1\bin -Dfile.encoding=UTF-8 
java_command: sample.Main
java_class_path (initial): C:\Users\User\IdeaProjects\Graphics\out\production\Graphics;C:\Users\User\Downloads\openjfx-11.0.2_windows-x64_bin-sdk\javafx-sdk-11.0.2\lib\src.zip;C:\Users\User\Downloads\openjfx-11.0.2_windows-x64_bin-sdk\javafx-sdk-11.0.2\lib\javafx-swt.jar;C:\Users\User\Downloads\openjfx-11.0.2_windows-x64_bin-sdk\javafx-sdk-11.0.2\lib\javafx.web.jar;C:\Users\User\Downloads\openjfx-11.0.2_windows-x64_bin-sdk\javafx-sdk-11.0.2\lib\javafx.base.jar;C:\Users\User\Downloads\openjfx-11.0.2_windows-x64_bin-sdk\javafx-sdk-11.0.2\lib\javafx.fxml.jar;C:\Users\User\Downloads\openjfx-11.0.2_windows-x64_bin-sdk\javafx-sdk-11.0.2\lib\javafx.media.jar;C:\Users\User\Downloads\openjfx-11.0.2_windows-x64_bin-sdk\javafx-sdk-11.0.2\lib\javafx.swing.jar;C:\Users\User\Downloads\openjfx-11.0.2_windows-x64_bin-sdk\javafx-sdk-11.0.2\lib\javafx.controls.jar;C:\Users\User\Downloads\openjfx-11.0.2_windows-x64_bin-sdk\javafx-sdk-11.0.2\lib\javafx.graphics.jar
Launcher Type: SUN_STANDARD

[Global flags]
     intx CICompilerCount                          = 3                                         {product} {ergonomic}
     uint ConcGCThreads                            = 1                                         {product} {ergonomic}
     uint G1ConcRefinementThreads                  = 4                                         {product} {ergonomic}
   size_t G1HeapRegionSize                         = 1048576                                   {product} {ergonomic}
    uintx GCDrainStackTargetSize                   = 64                                        {product} {ergonomic}
   size_t InitialHeapSize                          = 130023424                                 {product} {ergonomic}
   size_t MarkStackSize                            = 4194304                                   {product} {ergonomic}
   size_t MaxHeapSize                              = 2069889024                                {product} {ergonomic}
   size_t MaxNewSize                               = 1241513984                                {product} {ergonomic}
   size_t MinHeapDeltaBytes                        = 1048576                                   {product} {ergonomic}
   size_t MinHeapSize                              = 8388608                                   {product} {ergonomic}
    uintx NonNMethodCodeHeapSize                   = 5832780                                {pd product} {ergonomic}
    uintx NonProfiledCodeHeapSize                  = 122912730                              {pd product} {ergonomic}
    uintx ProfiledCodeHeapSize                     = 122912730                              {pd product} {ergonomic}
    uintx ReservedCodeCacheSize                    = 251658240                              {pd product} {ergonomic}
     bool SegmentedCodeCache                       = true                                      {product} {ergonomic}
   size_t SoftMaxHeapSize                          = 2069889024                             {manageable} {ergonomic}
     bool UseCompressedClassPointers               = true                                 {lp64_product} {ergonomic}
     bool UseCompressedOops                        = true                                 {lp64_product} {ergonomic}
     bool UseG1GC                                  = true                                      {product} {ergonomic}
     bool UseLargePagesIndividualAllocation        = false                                  {pd product} {ergonomic}

Logging:
Log output configuration:
 #0: stdout all=warning uptime,level,tags
 #1: stderr all=off uptime,level,tags

Environment Variables:
PATH=C:\Program Files\Haskell\bin;C:\Program Files\Haskell Platform\2014.2.0.0\lib\extralibs\bin;C:\Program Files\Haskell Platform\2014.2.0.0\bin;C:\WINDOWS\system32;C:\WINDOWS;C:\WINDOWS\System32\Wbem;C:\WINDOWS\System32\WindowsPowerShell\v1.0\;C:\WINDOWS\System32\OpenSSH\;C:\Program Files\Git\cmd;C:\Program Files\Java\jdk-13.0.2\bin;C:\Program Files\Haskell Platform\2014.2.0.0\mingw\bin;C:\Program Files\Java\jdk-14.0.2\bin;C:\Users\User\AppData\Roaming\cabal\bin;C:\Users\User\AppData\Local\Programs\Python\Python37-32\Scripts\;C:\Users\User\AppData\Local\Programs\Python\Python37-32\;C:\Users\User\AppData\Local\Microsoft\WindowsApps;C:\Program Files\mingw-w64\x86_64-8.1.0-posix-seh-rt_v6-rev0\mingw64\bin;C:\Program Files\Java\jdk-13.0.2\bin;C:\Users\User\AppData\Local\Programs\Microsoft VS Code\bin;C:\Program Files\Java\jdk-14.0.2\bin;
USERNAME=User
OS=Windows_NT
PROCESSOR_IDENTIFIER=Intel64 Family 6 Model 58 Stepping 9, GenuineIntel



---------------  S Y S T E M  ---------------

OS: Windows 10 , 64 bit Build 18362 (10.0.18362.959)
OS uptime: 16 days 10:52 hours

CPU:total 4 (initial active 4) (2 cores per cpu, 2 threads per core) family 6 model 58 stepping 9, cmov, cx8, fxsr, mmx, sse, sse2, sse3, ssse3, sse4.1, sse4.2, popcnt, avx, clmul, erms, ht, tsc, tscinvbit, tscinv

Memory: 4k page, system-wide physical 7893M (1525M free)
TotalPageFile size 9775M (AvailPageFile size 2M)
current process WorkingSet (physical memory assigned to process): 25M, peak: 25M
current process commit charge ("private bytes"): 189M, peak: 192M

vm_info: OpenJDK 64-Bit Server VM (14.0.2+12-46) for windows-amd64 JRE (14.0.2+12-46), built on Jul  9 2020 00:31:16 by "mach5one" with MS VC++ 15.9 (VS2017)

END.
