#
# There is insufficient memory for the Java Runtime Environment to continue.
# Native memory allocation (mmap) failed to map 2031616 bytes for Failed to commit area from 0x0000022af3d50000 to 0x0000022af3f40000 of length 2031616.
# Possible reasons:
#   The system is out of physical RAM or swap space
#   The process is running with CompressedOops enabled, and the Java Heap may be blocking the growth of the native heap
# Possible solutions:
#   Reduce memory load on the system
#   Increase physical memory or swap space
#   Check if swap backing store is full
#   Decrease Java heap size (-Xmx/-Xms)
#   Decrease number of Java threads
#   Decrease Java thread stack sizes (-Xss)
#   Set larger code cache with -XX:ReservedCodeCacheSize=
#   JVM is running with Unscaled Compressed Oops mode in which the Java heap is
#     placed in the first 4GB address space. The Java Heap base address is the
#     maximum limit for the native heap growth. Please use -XX:HeapBaseMinAddress
#     to set the Java Heap base and to place the Java Heap above 4GB virtual address.
# This output file may be truncated or incomplete.
#
#  Out of Memory Error (./open/src/hotspot/os/windows/os_windows.cpp:3315), pid=4200, tid=8428
#
# JRE version:  (14.0.2+12) (build )
# Java VM: OpenJDK 64-Bit Server VM (14.0.2+12-46, mixed mode, sharing, tiered, compressed oops, g1 gc, windows-amd64)
# No core dump will be written. Minidumps are not enabled by default on client versions of Windows
#

---------------  S U M M A R Y ------------

Command Line: --module-path=C:\Users\User\Downloads\openjfx-11.0.2_windows-x64_bin-sdk\javafx-sdk-11.0.2\lib --add-modules=javafx.controls,javafx.fxml --add-modules=javafx.base,javafx.graphics --add-reads=javafx.base=ALL-UNNAMED --add-reads=javafx.graphics=ALL-UNNAMED -javaagent:C:\Program Files\JetBrains\IntelliJ IDEA Community Edition 2020.1\lib\idea_rt.jar=65027:C:\Program Files\JetBrains\IntelliJ IDEA Community Edition 2020.1\bin -Dfile.encoding=UTF-8 sample.Main

Host: Intel(R) Core(TM) i5-3230M CPU @ 2.60GHz, 4 cores, 7G,  Windows 10 , 64 bit Build 19041 (10.0.19041.546)
Time: Fri Oct 30 18:28:32 2020 RTZ 2 (зима) elapsed time: 0 seconds (0d 0h 0m 0s)

---------------  T H R E A D  ---------------

Current thread (0x0000022ae8b1c000):  JavaThread "Unknown thread" [_thread_in_vm, id=8428, stack(0x000000e038e00000,0x000000e038f00000)]

Stack: [0x000000e038e00000,0x000000e038f00000]
Native frames: (J=compiled Java code, j=interpreted, Vv=VM code, C=native code)
V  [jvm.dll+0x5f8a9a]
V  [jvm.dll+0x74247a]
V  [jvm.dll+0x743c2f]
V  [jvm.dll+0x744273]
V  [jvm.dll+0x20d288]
V  [jvm.dll+0x5f5dea]
V  [jvm.dll+0x5eac45]
V  [jvm.dll+0x2c7e9c]
V  [jvm.dll+0x2c7cd2]
V  [jvm.dll+0x2cdbbc]
V  [jvm.dll+0x314011]
V  [jvm.dll+0x313710]
V  [jvm.dll+0x2a092a]
V  [jvm.dll+0x2a1a79]
V  [jvm.dll+0x71fd48]
V  [jvm.dll+0x321c14]
V  [jvm.dll+0x70112c]
V  [jvm.dll+0x392def]
V  [jvm.dll+0x394e61]
C  [jli.dll+0x524b]
C  [ucrtbase.dll+0x214c2]
C  [KERNEL32.DLL+0x17034]
C  [ntdll.dll+0x4cec1]


---------------  P R O C E S S  ---------------

Threads class SMR info:
_java_thread_list=0x00007fff2a9d3038, length=0, elements={
}

Java Threads: ( => current thread )

Other Threads:
  0x0000022ae8b5d800 GCTaskThread "GC Thread#0" [stack: 0x000000e038f00000,0x000000e039000000] [id=14888]
  0x0000022ae8b6f800 ConcurrentGCThread "G1 Main Marker" [stack: 0x000000e039000000,0x000000e039100000] [id=4176]
  0x0000022ae8b71800 ConcurrentGCThread "G1 Conc#0" [stack: 0x000000e039100000,0x000000e039200000] [id=2928]

[error occurred during error reporting (printing all threads), id 0xc0000005, EXCEPTION_ACCESS_VIOLATION (0xc0000005) at pc=0x00007fff2a201257]

VM state:not at safepoint (not fully initialized)

VM Mutex/Monitor currently owned by a thread:  ([mutex/lock_event])
[0x0000022ae8b17850] Heap_lock - owner thread: 0x0000022ae8b1c000

Heap address: 0x0000000084a00000, size: 1974 MB, Compressed Oops mode: 32-bit
Narrow klass base: 0x0000000000000000, Narrow klass shift: 0

GC Heap History (0 events):
No events

Deoptimization events (0 events):
No events

Classes unloaded (0 events):
No events

Classes redefined (0 events):
No events

Internal exceptions (0 events):
No events

Events (2 events):
Event: 0.013 Loaded shared library C:\Users\User\.jdks\openjdk-14.0.2\bin\java.dll
Event: 0.014 Loaded shared library C:\Users\User\.jdks\openjdk-14.0.2\bin\zip.dll


Dynamic libraries:
0x00007ff66ade0000 - 0x00007ff66aded000 	C:\Users\User\.jdks\openjdk-14.0.2\bin\java.exe
0x00007fff6ecd0000 - 0x00007fff6eec6000 	C:\WINDOWS\SYSTEM32\ntdll.dll
0x00007fff6e520000 - 0x00007fff6e5dd000 	C:\WINDOWS\System32\KERNEL32.DLL
0x00007fff6c570000 - 0x00007fff6c838000 	C:\WINDOWS\System32\KERNELBASE.dll
0x00007fff6c420000 - 0x00007fff6c520000 	C:\WINDOWS\System32\ucrtbase.dll
0x00007fff65d80000 - 0x00007fff65d95000 	C:\Users\User\.jdks\openjdk-14.0.2\bin\VCRUNTIME140.dll
0x00007fff634f0000 - 0x00007fff63508000 	C:\Users\User\.jdks\openjdk-14.0.2\bin\jli.dll
0x00007fff6d830000 - 0x00007fff6d9d0000 	C:\WINDOWS\System32\USER32.dll
0x00007fff6c9d0000 - 0x00007fff6c9f2000 	C:\WINDOWS\System32\win32u.dll
0x00007fff61180000 - 0x00007fff6141b000 	C:\WINDOWS\WinSxS\amd64_microsoft.windows.common-controls_6595b64144ccf1df_6.0.19041.488_none_ca04af081b815d21\COMCTL32.dll
0x00007fff6d7d0000 - 0x00007fff6d7fa000 	C:\WINDOWS\System32\GDI32.dll
0x00007fff6e3c0000 - 0x00007fff6e45e000 	C:\WINDOWS\System32\msvcrt.dll
0x00007fff6c8c0000 - 0x00007fff6c9c9000 	C:\WINDOWS\System32\gdi32full.dll
0x00007fff6ca00000 - 0x00007fff6ca9d000 	C:\WINDOWS\System32\msvcp_win.dll
0x00007fff6d800000 - 0x00007fff6d830000 	C:\WINDOWS\System32\IMM32.DLL
0x00007fff56260000 - 0x00007fff562fb000 	C:\Users\User\.jdks\openjdk-14.0.2\bin\msvcp140.dll
0x00007fff29f50000 - 0x00007fff2aa6e000 	C:\Users\User\.jdks\openjdk-14.0.2\bin\server\jvm.dll
0x00007fff6e460000 - 0x00007fff6e50a000 	C:\WINDOWS\System32\ADVAPI32.dll
0x00007fff6e890000 - 0x00007fff6e92b000 	C:\WINDOWS\System32\sechost.dll
0x00007fff6e930000 - 0x00007fff6ea54000 	C:\WINDOWS\System32\RPCRT4.dll
0x00007fff6e510000 - 0x00007fff6e518000 	C:\WINDOWS\System32\PSAPI.DLL
0x00007fff67890000 - 0x00007fff678b7000 	C:\WINDOWS\SYSTEM32\WINMM.dll
0x00007fff67850000 - 0x00007fff67859000 	C:\WINDOWS\SYSTEM32\WSOCK32.dll
0x00007fff60310000 - 0x00007fff6031a000 	C:\WINDOWS\SYSTEM32\VERSION.dll
0x00007fff6e710000 - 0x00007fff6e77b000 	C:\WINDOWS\System32\WS2_32.dll
0x00007fff6a210000 - 0x00007fff6a222000 	C:\WINDOWS\SYSTEM32\kernel.appcore.dll
0x00007fff67840000 - 0x00007fff6784a000 	C:\Users\User\.jdks\openjdk-14.0.2\bin\jimage.dll
0x00007fff64890000 - 0x00007fff64a74000 	C:\WINDOWS\SYSTEM32\DBGHELP.DLL
0x00007fff645b0000 - 0x00007fff645dc000 	C:\WINDOWS\SYSTEM32\dbgcore.DLL
0x00007fff6c840000 - 0x00007fff6c8bf000 	C:\WINDOWS\System32\bcryptPrimitives.dll
0x00007fff65390000 - 0x00007fff6539e000 	C:\Users\User\.jdks\openjdk-14.0.2\bin\instrument.dll
0x00007fff5fa60000 - 0x00007fff5fa85000 	C:\Users\User\.jdks\openjdk-14.0.2\bin\java.dll
0x00007fff634d0000 - 0x00007fff634e6000 	C:\Users\User\.jdks\openjdk-14.0.2\bin\zip.dll

dbghelp: loaded successfully - version: 4.0.5 - missing functions: none
symbol engine: initialized successfully - sym options: 0x614 - pdb path: .;C:\Users\User\.jdks\openjdk-14.0.2\bin;C:\WINDOWS\SYSTEM32;C:\WINDOWS\WinSxS\amd64_microsoft.windows.common-controls_6595b64144ccf1df_6.0.19041.488_none_ca04af081b815d21;C:\Users\User\.jdks\openjdk-14.0.2\bin\server

VM Arguments:
jvm_args: --module-path=C:\Users\User\Downloads\openjfx-11.0.2_windows-x64_bin-sdk\javafx-sdk-11.0.2\lib --add-modules=javafx.controls,javafx.fxml --add-modules=javafx.base,javafx.graphics --add-reads=javafx.base=ALL-UNNAMED --add-reads=javafx.graphics=ALL-UNNAMED -javaagent:C:\Program Files\JetBrains\IntelliJ IDEA Community Edition 2020.1\lib\idea_rt.jar=65027:C:\Program Files\JetBrains\IntelliJ IDEA Community Edition 2020.1\bin -Dfile.encoding=UTF-8 
java_command: sample.Main
java_class_path (initial): C:\Users\User\IdeaProjects\Graphics\out\production\Graphics;C:\Users\User\Downloads\openjfx-11.0.2_windows-x64_bin-sdk\javafx-sdk-11.0.2\lib\src.zip;C:\Users\User\Downloads\openjfx-11.0.2_windows-x64_bin-sdk\javafx-sdk-11.0.2\lib\javafx-swt.jar;C:\Users\User\Downloads\openjfx-11.0.2_windows-x64_bin-sdk\javafx-sdk-11.0.2\lib\javafx.web.jar;C:\Users\User\Downloads\openjfx-11.0.2_windows-x64_bin-sdk\javafx-sdk-11.0.2\lib\javafx.base.jar;C:\Users\User\Downloads\openjfx-11.0.2_windows-x64_bin-sdk\javafx-sdk-11.0.2\lib\javafx.fxml.jar;C:\Users\User\Downloads\openjfx-11.0.2_windows-x64_bin-sdk\javafx-sdk-11.0.2\lib\javafx.media.jar;C:\Users\User\Downloads\openjfx-11.0.2_windows-x64_bin-sdk\javafx-sdk-11.0.2\lib\javafx.swing.jar;C:\Users\User\Downloads\openjfx-11.0.2_windows-x64_bin-sdk\javafx-sdk-11.0.2\lib\javafx.controls.jar;C:\Users\User\Downloads\openjfx-11.0.2_windows-x64_bin-sdk\javafx-sdk-11.0.2\lib\javafx.graphics.jar;C:\Users\User\.m2\repository\org\junit\jupiter\junit-jupiter\5.4.2\junit-jupiter-5.4.2.jar;C:\Users\User\.m2\repository\org\junit\jupiter\junit-jupiter-api\5.4.2\junit-jupiter-api-5.4.2.jar;C:\Users\User\.m2\repository\org\apiguardian\apiguardian-api\1.0.0\apiguardian-api-1.0.0.jar;C:\Users\User\.m2\repository\org\opentest4j\opentest4j\1.1.1\opentest4j-1.1.1.jar;C:\Users\User\.m2\repository\org\junit\platform\junit-platform-commons\1.4.2\junit-platform-commons-1.4.2.jar;C:\Users\User\.m2\repository\org\junit\jupiter\junit-jupiter-params\5.4.2\junit-jupiter-params-5.4.2.jar;C:\Users\User\.m2\repository\org\junit\jupiter\junit-jupiter-engine\5.4.2\junit-jupiter-engine-5.4.2.jar;C:\Users\User\.m2\repository\org\junit\platform\junit-platform-engine\1.4.2\junit-platform-engine-1.4.2.jar
Launcher Type: SUN_STANDARD

[Global flags]
     intx CICompilerCount                          = 3                                         {product} {ergonomic}
     uint ConcGCThreads                            = 1                                         {product} {ergonomic}
     uint G1ConcRefinementThreads                  = 4                                         {product} {ergonomic}
   size_t G1HeapRegionSize                         = 1048576                                   {product} {ergonomic}
    uintx GCDrainStackTargetSize                   = 64                                        {product} {ergonomic}
   size_t InitialHeapSize                          = 130023424                                 {product} {ergonomic}
   size_t MarkStackSize                            = 4194304                                   {product} {ergonomic}
   size_t MaxHeapSize                              = 2069889024                                {product} {ergonomic}
   size_t MinHeapDeltaBytes                        = 1048576                                   {product} {ergonomic}
   size_t MinHeapSize                              = 8388608                                   {product} {ergonomic}
    uintx NonNMethodCodeHeapSize                   = 5832780                                {pd product} {ergonomic}
    uintx NonProfiledCodeHeapSize                  = 122912730                              {pd product} {ergonomic}
    uintx ProfiledCodeHeapSize                     = 122912730                              {pd product} {ergonomic}
    uintx ReservedCodeCacheSize                    = 251658240                              {pd product} {ergonomic}
     bool SegmentedCodeCache                       = true                                      {product} {ergonomic}
   size_t SoftMaxHeapSize                          = 2069889024                             {manageable} {ergonomic}
     bool UseCompressedClassPointers               = true                                 {lp64_product} {ergonomic}
     bool UseCompressedOops                        = true                                 {lp64_product} {ergonomic}
     bool UseG1GC                                  = true                                      {product} {ergonomic}
     bool UseLargePagesIndividualAllocation        = false                                  {pd product} {ergonomic}

Logging:
Log output configuration:
 #0: stdout all=warning uptime,level,tags
 #1: stderr all=off uptime,level,tags

Environment Variables:
PATH=c:\program files\haskell platform\2014.2.0.0\mingw\bin;c:\program files\haskell platform\2014.2.0.0\mingw\libexec\gcc\x86_64-w64-mingw32\8.3.0;C:\Program Files\Haskell\bin;C:\Program Files\Haskell Platform\2014.2.0.0\lib\extralibs\bin;C:\Program Files\Haskell Platform\2014.2.0.0\bin;C:\WINDOWS\system32;C:\WINDOWS;C:\WINDOWS\System32\Wbem;C:\WINDOWS\System32\WindowsPowerShell\v1.0\;C:\WINDOWS\System32\OpenSSH\;C:\Program Files\Git\cmd;C:\Program Files\Java\jdk-13.0.2\bin;C:\Program Files\Java\jdk-14.0.2\bin;C:\Users\User\AppData\Roaming\cabal\bin;C:\Users\User\AppData\Local\Programs\Python\Python37-32\Scripts\;C:\Users\User\AppData\Local\Programs\Python\Python37-32\;C:\Users\User\AppData\Local\Microsoft\WindowsApps;C:\Program Files\mingw-w64\x86_64-8.1.0-posix-seh-rt_v6-rev0\mingw64\bin;C:\Program Files\Java\jdk-13.0.2\bin;C:\Users\User\AppData\Local\Programs\Microsoft VS Code\bin;C:\Program Files\Java\jdk-14.0.2\bin;
USERNAME=User
OS=Windows_NT
PROCESSOR_IDENTIFIER=Intel64 Family 6 Model 58 Stepping 9, GenuineIntel



---------------  S Y S T E M  ---------------

OS: Windows 10 , 64 bit Build 19041 (10.0.19041.546)
OS uptime: 11 days 0:42 hours
HyperV virtualization detected

CPU:total 4 (initial active 4) (2 cores per cpu, 2 threads per core) family 6 model 58 stepping 9, cmov, cx8, fxsr, mmx, sse, sse2, sse3, ssse3, sse4.1, sse4.2, popcnt, avx, clmul, erms, ht, tsc, tscinvbit, tscinv

Memory: 4k page, system-wide physical 7893M (761M free)
TotalPageFile size 9775M (AvailPageFile size 0M)
current process WorkingSet (physical memory assigned to process): 10M, peak: 10M
current process commit charge ("private bytes"): 178M, peak: 180M

vm_info: OpenJDK 64-Bit Server VM (14.0.2+12-46) for windows-amd64 JRE (14.0.2+12-46), built on Jul  9 2020 00:31:16 by "mach5one" with MS VC++ 15.9 (VS2017)

END.
